Using gromos method for clustering
Using RMSD cutoff 0.15 nm
The RMSD ranges from 0.0238 to 0.314 nm
Average RMSD is 0.153287
Number of structures for matrix 1000
Energy of the matrix is 51.0968 nm

Found 11 clusters

Writing middle structure for each cluster to clusters.pdb

cl. | #st  rmsd | middle rmsd | cluster members
  1 | 814  0.142 |    288 .118 |      1      2      4      5      7      8     11
    |           |             |     13     14     15     16     17     18     19
    |           |             |     20     21     22     23     25     26     27
    |           |             |     28     29     30     31     32     33     34
    |           |             |     35     36     37     38     39     40     41
    |           |             |     42     43     44     48     49     50     51
    |           |             |     52     53     55     56     58     59     62
    |           |             |     64     65     67     69     70     72     74
    |           |             |     75     76     77     78     79     81     83
    |           |             |     84     85     86     87     88     89     90
    |           |             |     91     93     95     96     97     99    100
    |           |             |    101    102    104    105    107    108    109
    |           |             |    110    111    112    113    114    116    117
    |           |             |    118    120    121    123    124    125    126
    |           |             |    127    128    129    130    131    132    133
    |           |             |    134    136    137    138    139    141    142
    |           |             |    143    144    145    146    148    149    150
    |           |             |    151    152    154    155    156    157    158
    |           |             |    159    160    161    162    163    164    165
    |           |             |    166    167    168    169    170    171    173
    |           |             |    174    175    176    178    180    181    183
    |           |             |    184    185    186    188    189    190    191
    |           |             |    194    195    196    198    199    200    201
    |           |             |    202    203    204    205    206    207    208
    |           |             |    209    210    211    212    213    214    215
    |           |             |    216    217    218    219    220    221    222
    |           |             |    223    224    225    226    228    230    231
    |           |             |    232    233    234    235    236    239    241
    |           |             |    242    243    244    245    246    248    249
    |           |             |    250    251    252    253    254    255    257
    |           |             |    258    259    260    261    263    265    266
    |           |             |    267    268    269    270    271    272    273
    |           |             |    274    275    276    277    278    279    280
    |           |             |    281    282    283    284    285    286    287
    |           |             |    288    289    290    291    292    293    295
    |           |             |    296    297    298    299    300    302    304
    |           |             |    305    306    308    309    310    312    313
    |           |             |    315    316    317    318    319    320    321
    |           |             |    322    323    324    325    326    327    328
    |           |             |    331    332    333    334    335    338    339
    |           |             |    340    341    343    344    345    346    347
    |           |             |    349    350    352    353    354    355    356
    |           |             |    357    358    359    360    362    363    364
    |           |             |    366    367    369    370    371    372    373
    |           |             |    374    376    377    378    379    380    381
    |           |             |    383    384    389    390    391    392    394
    |           |             |    396    398    399    400    401    402    403
    |           |             |    404    405    406    407    408    409    410
    |           |             |    411    412    413    414    415    416    418
    |           |             |    419    421    422    423    424    425    426
    |           |             |    427    428    429    430    431    433    435
    |           |             |    436    437    439    440    441    442    443
    |           |             |    444    445    446    447    449    450    451
    |           |             |    452    453    454    456    458    459    460
    |           |             |    461    462    463    464    466    467    468
    |           |             |    471    472    473    474    475    476    477
    |           |             |    479    480    481    482    483    484    485
    |           |             |    486    487    488    489    490    492    493
    |           |             |    494    495    496    497    498    499    500
    |           |             |    501    503    505    506    509    510    511
    |           |             |    512    513    514    515    516    517    518
    |           |             |    519    520    521    522    523    524    525
    |           |             |    527    528    529    530    531    532    533
    |           |             |    534    535    536    537    538    539    541
    |           |             |    542    543    544    545    546    547    548
    |           |             |    549    550    551    553    554    556    557
    |           |             |    558    560    561    562    563    567    568
    |           |             |    569    572    574    575    579    580    581
    |           |             |    582    583    585    586    588    589    590
    |           |             |    592    593    594    595    596    597    598
    |           |             |    599    600    601    602    603    605    606
    |           |             |    607    609    610    611    612    613    614
    |           |             |    615    617    618    619    620    621    622
    |           |             |    623    624    625    626    627    628    629
    |           |             |    630    633    634    635    636    637    638
    |           |             |    639    640    641    643    645    648    649
    |           |             |    650    651    652    653    654    656    659
    |           |             |    660    661    662    663    664    665    666
    |           |             |    667    668    669    670    671    672    673
    |           |             |    674    675    676    677    678    679    680
    |           |             |    681    682    683    685    686    687    688
    |           |             |    690    691    692    693    694    695    696
    |           |             |    698    699    700    701    702    703    704
    |           |             |    705    707    708    709    710    711    712
    |           |             |    713    714    715    716    718    719    720
    |           |             |    721    722    723    728    729    730    731
    |           |             |    732    733    734    735    737    738    740
    |           |             |    741    742    743    745    747    749    750
    |           |             |    751    752    753    755    758    759    760
    |           |             |    762    763    764    765    766    767    768
    |           |             |    769    770    771    772    775    776    777
    |           |             |    778    779    780    781    782    783    785
    |           |             |    786    787    788    789    792    793    794
    |           |             |    795    796    800    801    802    803    805
    |           |             |    808    809    811    812    813    814    815
    |           |             |    817    818    820    821    822    824    825
    |           |             |    828    829    830    831    834    835    836
    |           |             |    837    838    840    841    842    843    844
    |           |             |    846    847    849    850    851    852    853
    |           |             |    854    855    856    857    858    860    861
    |           |             |    862    863    866    867    868    869    870
    |           |             |    871    872    873    874    875    878    880
    |           |             |    881    882    883    884    885    886    887
    |           |             |    888    890    891    892    893    894    895
    |           |             |    897    898    899    901    902    903    904
    |           |             |    906    909    911    912    913    914    915
    |           |             |    916    917    919    920    921    922    923
    |           |             |    924    925    926    927    928    929    931
    |           |             |    932    933    934    936    937    938    939
    |           |             |    940    941    942    943    944    945    947
    |           |             |    949    950    951    952    953    954    955
    |           |             |    956    957    958    959    960    961    963
    |           |             |    964    965    966    967    968    969    970
    |           |             |    971    972    973    976    977    978    979
    |           |             |    980    981    983    985    986    987    989
    |           |             |    991    993    994    995    996    997    998
    |           |             |    999   1000
  2 | 113  0.150 |    706 .129 |      3      9     24     54     57     60     63
    |           |             |     66     68     71     73     80     94     98
    |           |             |    106    119    122    135    153    172    182
    |           |             |    187    192    197    240    247    256    262
    |           |             |    303    307    311    314    329    330    336
    |           |             |    337    342    348    351    361    387    388
    |           |             |    393    395    397    417    434    438    448
    |           |             |    457    465    469    470    478    491    507
    |           |             |    508    559    566    576    584    591    608
    |           |             |    616    631    632    642    644    646    655
    |           |             |    706    724    725    726    736    739    744
    |           |             |    746    748    756    757    773    774    784
    |           |             |    790    798    799    806    807    810    816
    |           |             |    819    823    827    832    833    845    848
    |           |             |    876    879    889    896    905    907    946
    |           |             |    948    962    974    975    982    988    990
    |           |             |    992
  3 |  28  0.157 |    900 .139 |     46    103    115    177    229    238    294
    |           |             |    365    382    385    526    552    555    565
    |           |             |    570    577    587    604    647    697    717
    |           |             |    791    826    839    864    900    910    918
  4 |  18  0.148 |    564 .132 |     10     12     45     82    147    179    237
    |           |             |    301    420    432    504    540    564    657
    |           |             |    727    761    865    908
  5 |   8  0.150 |    684 .134 |     47    140    227    455    684    797    877
    |           |             |    984
  6 |   5  0.163 |    658 .138 |     61    368    571    573    658
  7 |   4  0.158 |    935 .142 |    193    264    502    935
  8 |   4  0.126 |     92 .112 |     92    386    578    859
  9 |   4  0.144 |    804 .131 |      6    375    754    804
 10 |   1       |    689      |    689
 11 |   1       |    930      |    930
