Using gromos method for clustering
Using RMSD cutoff 0.28 nm
The RMSD ranges from 0.00625 to 0.494 nm
Average RMSD is 0.281222
Number of structures for matrix 999
Energy of the matrix is 93.6994 nm

Found 2 clusters

Writing middle structure for each cluster to clusters.pdb

cl. | #st  rmsd | middle rmsd | cluster members
  1 | 652  0.217 |    186 .176 |      3      7      8      9     13     14     15
    |           |             |     16     18     19     20     22     23     24
    |           |             |     25     27     28     29     31     34     36
    |           |             |     37     38     40     41     42     44     45
    |           |             |     48     51     54     55     59     62     65
    |           |             |     66     67     68     69     71     72     74
    |           |             |     80     81     82     83     86     88     90
    |           |             |     95     96    100    101    103    104    106
    |           |             |    110    111    112    113    114    115    117
    |           |             |    119    120    121    123    124    125    126
    |           |             |    128    129    132    133    134    135    137
    |           |             |    138    140    141    144    146    147    148
    |           |             |    151    154    155    156    157    159    161
    |           |             |    162    163    165    169    170    172    174
    |           |             |    175    179    181    182    183    184    185
    |           |             |    186    188    189    190    191    195    198
    |           |             |    202    203    204    205    206    207    209
    |           |             |    211    214    216    217    218    219    220
    |           |             |    221    222    223    224    225    226    227
    |           |             |    228    229    230    235    237    238    240
    |           |             |    242    243    244    245    247    248    250
    |           |             |    251    252    253    254    255    256    258
    |           |             |    259    261    263    264    265    266    269
    |           |             |    270    272    274    276    277    278    279
    |           |             |    280    281    282    283    284    285    286
    |           |             |    287    290    291    293    294    295    296
    |           |             |    297    298    299    300    301    302    304
    |           |             |    305    308    311    312    315    317    318
    |           |             |    319    320    321    322    323    328    329
    |           |             |    330    331    332    334    335    336    337
    |           |             |    338    340    341    342    343    345    346
    |           |             |    347    349    350    351    352    354    356
    |           |             |    357    359    360    364    365    366    367
    |           |             |    368    370    371    372    373    374    377
    |           |             |    378    379    380    383    384    385    386
    |           |             |    388    390    391    392    393    394    396
    |           |             |    399    401    403    404    405    406    407
    |           |             |    408    409    411    414    416    418    419
    |           |             |    420    422    423    425    426    428    429
    |           |             |    430    433    434    435    436    438    440
    |           |             |    441    442    445    446    447    448    451
    |           |             |    452    453    456    457    458    459    460
    |           |             |    461    463    464    465    466    468    470
    |           |             |    471    472    473    474    475    476    477
    |           |             |    478    479    480    483    484    485    486
    |           |             |    488    490    492    493    496    497    498
    |           |             |    499    500    501    502    504    505    507
    |           |             |    509    511    512    513    514    517    518
    |           |             |    519    522    524    525    529    532    536
    |           |             |    538    539    540    541    542    543    544
    |           |             |    545    547    550    551    553    554    558
    |           |             |    561    563    564    565    567    568    572
    |           |             |    574    575    577    578    579    581    583
    |           |             |    584    585    587    589    590    591    592
    |           |             |    593    594    598    599    602    603    605
    |           |             |    606    607    608    613    615    619    620
    |           |             |    622    624    625    626    628    629    631
    |           |             |    632    635    638    640    641    642    643
    |           |             |    645    647    648    649    650    651    652
    |           |             |    654    655    656    657    658    659    660
    |           |             |    661    663    666    669    670    671    672
    |           |             |    674    675    676    677    678    679    680
    |           |             |    681    682    686    687    689    690    691
    |           |             |    692    693    694    695    697    699    700
    |           |             |    701    702    703    704    707    709    711
    |           |             |    714    715    716    719    720    721    722
    |           |             |    725    726    729    730    731    732    733
    |           |             |    736    738    739    740    741    743    744
    |           |             |    745    747    748    749    750    751    753
    |           |             |    755    756    757    758    759    760    761
    |           |             |    762    766    768    769    770    771    772
    |           |             |    773    774    775    776    782    783    788
    |           |             |    790    791    792    793    794    796    797
    |           |             |    798    800    801    803    804    805    808
    |           |             |    811    814    815    817    819    820    821
    |           |             |    822    823    824    825    827    828    829
    |           |             |    830    832    833    834    835    836    837
    |           |             |    839    840    841    843    844    845    847
    |           |             |    848    849    851    853    854    855    856
    |           |             |    857    858    859    860    863    864    866
    |           |             |    867    868    869    870    871    873    874
    |           |             |    875    878    879    880    881    882    883
    |           |             |    885    886    887    888    889    890    891
    |           |             |    895    897    898    901    902    903    905
    |           |             |    907    908    909    910    912    914    915
    |           |             |    916    917    921    923    924    925    927
    |           |             |    928    929    930    931    932    933    934
    |           |             |    935    936    937    938    940    941    942
    |           |             |    944    947    950    951    952    954    955
    |           |             |    956    958    959    961    963    964    965
    |           |             |    967    969    970    973    974    976    977
    |           |             |    978    981    982    984    985    986    990
    |           |             |    992    993    994    995    996    997    998
    |           |             |    999
  2 | 347  0.201 |    213 .166 |      1      2      4      5      6     10     11
    |           |             |     12     17     21     26     30     32     33
    |           |             |     35     39     43     46     47     49     50
    |           |             |     52     53     56     57     58     60     61
    |           |             |     63     64     70     73     75     76     77
    |           |             |     78     79     84     85     87     89     91
    |           |             |     92     93     94     97     98     99    102
    |           |             |    105    107    108    109    116    118    122
    |           |             |    127    130    131    136    139    142    143
    |           |             |    145    149    150    152    153    158    160
    |           |             |    164    166    167    168    171    173    176
    |           |             |    177    178    180    187    192    193    194
    |           |             |    196    197    199    200    201    208    210
    |           |             |    212    213    215    231    232    233    234
    |           |             |    236    239    241    246    249    257    260
    |           |             |    262    267    268    271    273    275    288
    |           |             |    289    292    303    306    307    309    310
    |           |             |    313    314    316    324    325    326    327
    |           |             |    333    339    344    348    353    355    358
    |           |             |    361    362    363    369    375    376    381
    |           |             |    382    387    389    395    397    398    400
    |           |             |    402    410    412    413    415    417    421
    |           |             |    424    427    431    432    437    439    443
    |           |             |    444    449    450    454    455    462    467
    |           |             |    469    481    482    487    489    491    494
    |           |             |    495    503    506    508    510    515    516
    |           |             |    520    521    523    526    527    528    530
    |           |             |    531    533    534    535    537    546    548
    |           |             |    549    552    555    556    557    559    560
    |           |             |    562    566    569    570    571    573    576
    |           |             |    580    582    586    588    595    596    597
    |           |             |    600    601    604    609    610    611    612
    |           |             |    614    616    617    618    621    623    627
    |           |             |    630    633    634    636    637    639    644
    |           |             |    646    653    662    664    665    667    668
    |           |             |    673    683    684    685    688    696    698
    |           |             |    705    706    708    710    712    713    717
    |           |             |    718    723    724    727    728    734    735
    |           |             |    737    742    746    752    754    763    764
    |           |             |    765    767    777    778    779    780    781
    |           |             |    784    785    786    787    789    795    799
    |           |             |    802    806    807    809    810    812    813
    |           |             |    816    818    826    831    838    842    846
    |           |             |    850    852    861    862    865    872    876
    |           |             |    877    884    892    893    894    896    899
    |           |             |    900    904    906    911    913    918    919
    |           |             |    920    922    926    939    943    945    946
    |           |             |    948    949    953    957    960    962    966
    |           |             |    968    971    972    975    979    980    983
    |           |             |    987    988    989    991
